SF:lib\services\storage\secure_storage_adapter.dart
DA:20,0
DA:23,0
DA:25,0
DA:29,0
DA:31,0
DA:34,0
DA:36,0
DA:39,0
DA:41,0
DA:44,0
DA:46,0
LF:11
LH:0
end_of_record
SF:lib\services\storage\secure_storage_service.dart
DA:13,0
DA:16,1
DA:19,1
DA:35,1
DA:37,2
DA:39,2
DA:40,2
DA:42,1
DA:44,2
DA:46,0
DA:52,1
DA:54,2
DA:55,1
DA:60,0
DA:66,0
DA:68,0
DA:69,0
DA:71,0
DA:77,0
DA:79,0
DA:81,0
DA:87,1
DA:89,2
DA:90,1
DA:92,1
DA:93,2
DA:96,0
DA:101,0
DA:107,0
DA:109,0
DA:110,0
DA:111,0
DA:112,0
DA:114,0
DA:124,1
DA:126,1
DA:127,2
DA:130,1
DA:131,1
DA:133,2
DA:135,0
DA:141,1
DA:143,2
DA:146,1
DA:148,0
DA:154,0
DA:156,0
DA:159,0
DA:160,0
DA:162,0
DA:164,0
DA:174,1
DA:176,1
DA:177,1
DA:181,1
DA:182,1
DA:183,1
DA:188,0
DA:198,1
DA:201,2
DA:204,1
DA:205,1
DA:207,2
DA:209,0
DA:219,0
DA:221,0
DA:224,0
DA:226,0
DA:227,0
DA:228,0
DA:232,0
DA:234,0
DA:235,0
DA:236,0
DA:237,0
DA:240,0
DA:242,0
DA:251,0
DA:253,0
DA:254,0
DA:257,0
DA:263,0
DA:265,0
DA:266,0
DA:268,0
DA:269,0
DA:274,0
DA:277,0
DA:278,0
DA:279,0
DA:280,0
DA:281,0
DA:282,0
DA:284,0
LF:94
LH:36
end_of_record
SF:lib\utils\validators.dart
DA:7,0
DA:14,1
DA:15,2
DA:16,0
DA:22,1
DA:23,2
DA:28,1
DA:32,2
DA:40,1
DA:41,2
DA:46,2
DA:49,1
DA:51,1
DA:59,1
DA:60,1
DA:64,2
DA:65,1
DA:72,1
DA:73,1
DA:77,1
DA:85,0
DA:86,0
DA:91,0
DA:103,1
DA:104,2
DA:105,0
DA:108,1
DA:116,0
DA:117,0
DA:120,0
DA:123,0
DA:131,0
DA:137,0
DA:140,0
DA:141,0
DA:142,0
DA:153,0
DA:154,0
DA:155,0
DA:158,0
DA:159,0
DA:166,0
DA:167,0
DA:168,0
DA:175,0
DA:181,0
DA:184,0
DA:195,0
DA:196,0
DA:200,0
DA:204,0
DA:216,0
DA:221,0
DA:229,0
DA:234,0
DA:235,0
DA:236,0
DA:238,0
DA:250,0
DA:253,0
DA:254,0
DA:255,0
LF:62
LH:21
end_of_record
SF:lib\models\course\course_model.dart
DA:7,1
DA:15,0
DA:16,0
DA:17,0
DA:18,0
DA:19,0
DA:20,0
LF:7
LH:1
end_of_record
SF:lib\widgets\home_widgets\course_card_widget.dart
DA:12,1
DA:17,1
DA:20,3
DA:21,3
DA:22,3
DA:23,3
DA:25,1
DA:26,1
DA:27,1
DA:28,1
DA:29,1
DA:33,3
DA:35,1
DA:36,1
DA:37,1
DA:38,1
DA:39,1
DA:43,1
DA:44,1
DA:45,1
DA:46,1
DA:47,1
DA:51,1
DA:54,1
DA:56,1
DA:60,1
DA:62,1
DA:63,1
DA:66,2
DA:68,1
DA:69,1
DA:70,2
DA:73,1
DA:74,1
DA:75,2
DA:81,1
DA:83,1
DA:84,1
DA:85,1
DA:86,1
DA:87,3
DA:88,1
DA:90,1
DA:91,1
DA:92,1
DA:93,1
DA:95,1
DA:97,1
DA:101,1
DA:103,1
DA:106,1
DA:107,1
DA:110,3
DA:112,1
DA:113,1
DA:114,1
DA:115,2
DA:117,1
DA:121,1
DA:123,1
DA:124,1
DA:125,1
DA:126,2
DA:127,2
DA:129,1
DA:130,1
DA:131,1
DA:132,2
DA:133,2
DA:136,1
DA:137,1
DA:138,2
DA:142,1
DA:144,1
DA:145,1
DA:147,1
DA:148,1
DA:150,1
DA:151,1
DA:153,1
DA:154,2
DA:156,1
DA:164,3
DA:165,1
DA:167,1
DA:168,2
DA:169,1
DA:170,1
DA:172,1
DA:176,1
DA:180,1
DA:181,3
DA:183,1
DA:186,1
DA:188,1
DA:191,1
DA:192,1
DA:195,3
DA:197,1
DA:198,1
DA:199,1
DA:200,2
DA:202,1
DA:206,1
DA:208,1
DA:209,1
DA:210,1
DA:211,1
DA:214,1
DA:215,1
DA:217,2
DA:221,1
DA:222,1
DA:224,1
DA:225,1
DA:245,1
DA:247,1
DA:249,1
DA:253,2
DA:254,3
DA:255,3
DA:256,3
DA:257,0
DA:258,0
DA:259,0
DA:260,0
DA:264,0
DA:265,0
DA:271,0
DA:273,0
DA:274,0
DA:285,1
DA:286,1
LF:133
LH:124
end_of_record
SF:lib\widgets\common\custom_bottom_nav.dart
DA:7,1
DA:11,1
DA:13,1
DA:14,1
DA:49,1
DA:51,1
DA:52,2
DA:56,2
DA:59,1
DA:61,1
DA:62,4
DA:63,2
DA:64,2
DA:68,1
DA:70,2
DA:71,1
DA:74,1
DA:77,2
DA:78,2
DA:79,2
DA:89,1
DA:90,1
DA:92,1
DA:93,1
DA:94,1
DA:100,1
DA:101,1
DA:103,1
DA:105,1
DA:106,2
DA:107,2
DA:115,1
DA:116,3
DA:117,2
DA:120,2
DA:121,2
DA:122,2
DA:123,2
DA:124,2
DA:125,2
DA:126,2
DA:128,1
DA:129,1
DA:131,1
DA:132,4
DA:133,1
DA:134,1
DA:135,1
DA:136,1
DA:138,1
DA:141,1
DA:143,1
DA:146,1
DA:147,1
DA:148,1
DA:150,1
DA:153,2
DA:154,1
DA:158,1
DA:161,1
DA:163,1
DA:164,1
DA:166,1
DA:172,1
DA:173,2
DA:174,1
DA:184,2
DA:187,1
DA:188,1
DA:191,1
DA:198,1
DA:201,1
DA:202,1
DA:203,1
DA:212,2
DA:215,1
DA:218,2
DA:220,1
DA:221,1
DA:223,1
DA:226,1
DA:227,1
DA:228,1
DA:233,1
DA:250,1
LF:85
LH:85
end_of_record
SF:lib\models\topic\topic_model.dart
DA:27,0
DA:48,0
DA:50,0
DA:52,0
DA:53,0
DA:54,0
DA:55,0
DA:56,0
DA:59,0
DA:61,0
DA:65,0
DA:67,0
DA:68,0
DA:69,0
DA:71,0
DA:72,0
DA:75,0
DA:78,0
DA:82,0
DA:84,0
DA:88,0
DA:90,0
DA:91,0
DA:94,0
DA:96,0
DA:100,0
DA:102,0
DA:106,0
DA:108,0
DA:113,0
DA:117,0
DA:118,0
DA:119,0
DA:121,0
DA:122,0
DA:124,0
DA:125,0
DA:126,0
DA:127,0
DA:128,0
DA:129,0
DA:130,0
DA:131,0
DA:132,0
DA:133,0
DA:134,0
DA:135,0
DA:136,0
DA:137,0
DA:139,0
DA:140,0
DA:141,0
DA:145,0
DA:146,0
DA:147,0
DA:150,0
DA:151,0
DA:156,0
DA:157,0
DA:158,0
DA:159,0
DA:160,0
DA:161,0
DA:162,0
DA:163,0
DA:164,0
DA:165,0
DA:166,0
DA:167,0
DA:168,0
DA:169,0
DA:170,0
DA:171,0
DA:172,0
DA:173,0
DA:174,0
DA:175,0
DA:179,0
DA:198,0
DA:199,0
DA:200,0
DA:201,0
DA:202,0
DA:203,0
DA:204,0
DA:205,0
DA:206,0
DA:207,0
DA:208,0
DA:209,0
DA:210,0
DA:211,0
DA:212,0
DA:213,0
DA:214,0
DA:215,0
DA:216,0
DA:220,0
DA:222,0
DA:223,0
DA:226,0
DA:228,0
DA:229,0
DA:231,0
DA:236,0
DA:241,0
DA:242,0
DA:243,0
DA:245,0
DA:246,0
DA:247,0
DA:249,0
DA:252,0
DA:254,0
DA:257,0
DA:260,0
DA:263,0
DA:264,0
LF:118
LH:0
end_of_record
SF:lib\widgets\home_widgets\news_card_widget.dart
DA:12,0
DA:18,0
DA:21,0
DA:22,0
DA:23,0
DA:24,0
DA:26,0
DA:27,0
DA:28,0
DA:29,0
DA:30,0
DA:34,0
DA:36,0
DA:37,0
DA:38,0
DA:39,0
DA:40,0
DA:44,0
DA:45,0
DA:46,0
DA:47,0
DA:48,0
DA:52,0
DA:53,0
DA:55,0
DA:58,0
DA:59,0
DA:60,0
DA:61,0
DA:62,0
DA:63,0
DA:64,0
DA:65,0
DA:66,0
DA:67,0
DA:69,0
DA:74,0
DA:76,0
DA:79,0
DA:81,0
DA:83,0
DA:85,0
DA:87,0
DA:91,0
DA:93,0
DA:94,0
DA:97,0
DA:99,0
DA:100,0
DA:101,0
DA:104,0
DA:105,0
DA:106,0
DA:112,0
DA:114,0
DA:115,0
DA:116,0
DA:118,0
DA:119,0
DA:120,0
DA:126,0
DA:127,0
DA:128,0
DA:129,0
DA:130,0
DA:131,0
DA:132,0
DA:134,0
DA:139,0
DA:142,0
DA:145,0
DA:146,0
DA:147,0
DA:148,0
DA:149,0
DA:151,0
DA:152,0
DA:153,0
DA:154,0
DA:156,0
DA:160,0
DA:162,0
DA:163,0
DA:168,0
DA:169,0
DA:171,0
DA:172,0
DA:183,0
DA:184,0
DA:185,0
DA:186,0
DA:188,0
DA:189,0
DA:190,0
DA:191,0
DA:192,0
DA:193,0
DA:195,0
DA:203,0
DA:204,0
DA:206,0
DA:207,0
DA:208,0
DA:209,0
DA:210,0
DA:211,0
DA:213,0
DA:215,0
DA:216,0
DA:218,0
DA:219,0
DA:221,0
DA:222,0
DA:223,0
DA:224,0
DA:225,0
DA:226,0
DA:233,0
DA:234,0
DA:238,0
DA:239,0
DA:240,0
DA:242,0
DA:243,0
DA:244,0
DA:245,0
DA:247,0
DA:251,0
DA:253,0
DA:254,0
DA:256,0
DA:259,0
DA:260,0
DA:262,0
DA:263,0
DA:281,0
DA:282,0
DA:283,0
DA:284,0
DA:285,0
DA:286,0
DA:288,0
DA:290,0
DA:294,0
DA:299,0
DA:302,0
DA:305,0
DA:306,0
DA:307,0
DA:308,0
DA:309,0
DA:311,0
DA:312,0
DA:313,0
DA:314,0
DA:316,0
DA:320,0
DA:322,0
DA:323,0
DA:328,0
DA:329,0
DA:331,0
DA:332,0
DA:343,0
DA:344,0
DA:345,0
DA:346,0
DA:348,0
DA:349,0
DA:350,0
DA:351,0
DA:352,0
DA:353,0
DA:354,0
DA:355,0
DA:357,0
DA:359,0
DA:360,0
DA:362,0
DA:363,0
DA:365,0
DA:366,0
DA:367,0
DA:368,0
DA:369,0
DA:370,0
DA:380,0
DA:381,0
DA:382,0
DA:383,0
DA:385,0
DA:393,0
DA:394,0
DA:395,0
DA:396,0
DA:397,0
DA:398,0
DA:402,0
DA:407,0
DA:408,0
DA:410,0
DA:411,0
DA:412,0
DA:413,0
DA:415,0
DA:416,0
DA:417,0
DA:419,0
DA:420,0
DA:421,0
DA:422,0
DA:424,0
DA:428,0
DA:430,0
DA:431,0
DA:433,0
DA:436,0
DA:437,0
DA:439,0
DA:440,0
DA:459,0
DA:461,0
DA:463,0
DA:467,0
DA:469,0
DA:470,0
DA:473,0
DA:475,0
DA:476,0
DA:477,0
DA:480,0
DA:481,0
DA:482,0
DA:488,0
DA:490,0
DA:491,0
DA:492,0
DA:493,0
DA:495,0
DA:496,0
DA:497,0
DA:498,0
DA:499,0
DA:500,0
DA:505,0
DA:506,0
DA:507,0
DA:510,0
DA:511,0
DA:512,0
DA:517,0
DA:520,0
DA:522,0
DA:531,0
DA:532,0
DA:533,0
DA:534,0
DA:536,0
DA:538,0
DA:539,0
DA:540,0
DA:541,0
DA:542,0
DA:543,0
DA:545,0
DA:554,0
DA:555,0
DA:556,0
DA:557,0
DA:561,0
DA:562,0
DA:563,0
DA:565,0
DA:567,0
DA:568,0
DA:570,0
DA:571,0
DA:573,0
DA:574,0
DA:575,0
DA:576,0
DA:577,0
DA:578,0
DA:586,0
DA:587,0
DA:588,0
DA:589,0
DA:590,0
DA:594,0
DA:596,0
DA:613,0
DA:614,0
DA:615,0
DA:620,0
DA:621,0
DA:622,0
DA:623,0
DA:626,0
DA:629,0
DA:630,0
DA:632,0
DA:633,0
DA:638,0
DA:640,0
DA:641,0
DA:642,0
DA:643,0
DA:646,0
DA:647,0
DA:648,0
DA:657,0
DA:658,0
DA:659,0
DA:662,0
DA:665,0
DA:666,0
DA:668,0
DA:669,0
LF:318
LH:0
end_of_record
SF:lib\models\topic\joined_category_model.dart
DA:8,0
DA:16,0
DA:17,0
DA:18,0
DA:19,0
DA:20,0
DA:21,0
DA:22,0
DA:26,0
DA:27,0
DA:28,0
DA:29,0
DA:30,0
DA:31,0
DA:32,0
DA:36,0
DA:42,0
DA:43,0
DA:44,0
DA:45,0
DA:46,0
DA:47,0
LF:22
LH:0
end_of_record
SF:lib\models\user\user_model.dart
DA:6,0
DA:8,0
DA:9,0
DA:10,0
DA:11,0
DA:12,0
DA:16,0
DA:17,0
DA:20,0
DA:21,0
LF:10
LH:0
end_of_record
